Unity Editor version:    2020.3.22f1 (e1a7f79fd887)
Branch:                  2020.3/staging
Build type:              Release
Batch mode:              YES
macOS version:           Version 12.0.1 (Build 21A559)
Darwin version:          21.1.0
Architecture:            x86_64
Running under Rosetta:   NO
Available memory:        16384 MB
Using pre-set license
Pro License: NO

COMMAND LINE ARGUMENTS:
/Applications/Unity/Hub/Editor/2020.3.22f1/Unity.app/Contents/MacOS/Unity
-adb2
-batchMode
-noUpm
-name
AssetImportWorker0
-projectPath
/Users/jonathanshum/Prototype_463
-logFile
Logs/AssetImportWorker0.log
-srvPort
58369
Successfully changed project path to: /Users/jonathanshum/Prototype_463
/Users/jonathanshum/Prototype_463
Using Asset Import Pipeline V2.
Refreshing native plugins compatible for Editor in 71.19 ms, found 7 plugins.
Preloading 3 native plugins for Editor in 8.94 ms.
Initialize engine version: 2020.3.22f1 (e1a7f79fd887)
[Subsystems] Discovering subsystems at path /Applications/Unity/Hub/Editor/2020.3.22f1/Unity.app/Contents/Resources/UnitySubsystems
[Subsystems] Discovering subsystems at path /Users/jonathanshum/Prototype_463/Assets
GfxDevice: creating device client; threaded=0
2021-12-02 15:39:33.792 Unity[87838:839415] Color LCD preferred device: Intel(R) HD Graphics 530 (low power)
2021-12-02 15:39:33.792 Unity[87838:839415] Metal devices available: 2
2021-12-02 15:39:33.792 Unity[87838:839415] 0: AMD Radeon Pro 460 (high power)
2021-12-02 15:39:33.792 Unity[87838:839415] 1: Intel(R) HD Graphics 530 (low power)
2021-12-02 15:39:33.794 Unity[87838:839415] Using device AMD Radeon Pro 460 (high power)
Initializing Metal device caps: AMD Radeon Pro 460
Initialize mono
Mono path[0] = '/Applications/Unity/Hub/Editor/2020.3.22f1/Unity.app/Contents/Managed'
Mono path[1] = '/Applications/Unity/Hub/Editor/2020.3.22f1/Unity.app/Contents/MonoBleedingEdge/lib/mono/unityjit'
Mono config path = '/Applications/Unity/Hub/Editor/2020.3.22f1/Unity.app/Contents/MonoBleedingEdge/etc'
Using monoOptions --debugger-agent=transport=dt_socket,embedding=1,server=y,suspend=n,address=127.0.0.1:56838
Begin MonoManager ReloadAssembly
Registering precompiled unity dll's ...
Register platform support module: /Applications/Unity/Hub/Editor/2020.3.22f1/Unity.app/Contents/PlaybackEngines/MacStandaloneSupport/UnityEditor.OSXStandalone.Extensions.dll
Registered in 0.000603 seconds.
Native extension for OSXStandalone target not found
Refreshing native plugins compatible for Editor in 58.17 ms, found 7 plugins.
Preloading 3 native plugins for Editor in 4.73 ms.
Mono: successfully reloaded assembly
- Completed reload, in  2.211 seconds
Domain Reload Profiling:
	ReloadAssembly (2211ms)
		BeginReloadAssembly (49ms)
			ExecutionOrderSort (0ms)
			DisableScriptedObjects (0ms)
			BackupInstance (0ms)
			ReleaseScriptingObjects (0ms)
			CreateAndSetChildDomain (1ms)
		EndReloadAssembly (619ms)
			LoadAssemblies (48ms)
			RebuildTransferFunctionScriptingTraits (0ms)
			SetupTypeCache (230ms)
			ReleaseScriptCaches (0ms)
			RebuildScriptCaches (42ms)
			SetupLoadedEditorAssemblies (239ms)
				LogAssemblyErrors (0ms)
				InitializePlatformSupportModulesInManaged (4ms)
				SetLoadedEditorAssemblies (0ms)
				RefreshPlugins (63ms)
				BeforeProcessingInitializeOnLoad (9ms)
				ProcessInitializeOnLoadAttributes (125ms)
				ProcessInitializeOnLoadMethodAttributes (37ms)
				AfterProcessingInitializeOnLoad (0ms)
				EditorAssembliesLoaded (0ms)
			ExecutionOrderSort2 (0ms)
			AwakeInstancesAfterBackupRestoration (0ms)
Platform modules already initialized, skipping
Registering precompiled user dll's ...
Registered in 0.006122 seconds.
Begin MonoManager ReloadAssembly
Native extension for OSXStandalone target not found
Refreshing native plugins compatible for Editor in 0.91 ms, found 7 plugins.
Preloading 3 native plugins for Editor in 4.52 ms.
System.NullReferenceException: Object reference not set to an instance of an object
  at Vuforia.EditorClasses.ExtensionTypeProvider.GetVuforiaPackageAbsPath () [0x0004a] in <67f168408fbf4fce9c04342c093e9fe7>:0 
  at Vuforia.EditorClasses.ExtensionTypeProvider.IsPackageManager () [0x00000] in <67f168408fbf4fce9c04342c093e9fe7>:0 
  at Vuforia.EditorClasses.ExtensionTypeProvider.ResolvePluginType () [0x00009] in <67f168408fbf4fce9c04342c093e9fe7>:0 
  at Vuforia.EditorClasses.ExtensionTypeProvider.GetPluginType () [0x0000c] in <67f168408fbf4fce9c04342c093e9fe7>:0 
  at Vuforia.EditorClasses.VuforiaUtilities.IsVuforiaEnabledInPlayerSettings () [0x00000] in <67f168408fbf4fce9c04342c093e9fe7>:0 
  at VuforiaEnabledObserver..cctor () [0x00000] in <67f168408fbf4fce9c04342c093e9fe7>:0 
UnityEngine.StackTraceUtility:ExtractStackTrace () (at /Users/bokken/buildslave/unity/build/Runtime/Export/Scripting/StackTrace.cs:37)
UnityEngine.DebugLogHandler:LogFormat (UnityEngine.LogType,UnityEngine.Object,string,object[])
UnityEngine.Logger:Log (UnityEngine.LogType,object)
UnityEngine.Debug:LogError (object)
UnityEditor.EditorAssemblies:ProcessInitializeOnLoadAttributes (System.Type[]) (at /Users/bokken/buildslave/unity/build/Editor/Mono/EditorAssemblies.cs:138)

(Filename: /Users/bokken/buildslave/unity/build/Editor/Mono/EditorAssemblies.cs Line: 138)

System.NullReferenceException: Object reference not set to an instance of an object
  at Vuforia.EditorClasses.ExtensionTypeProvider.GetVuforiaPackageAbsPath () [0x0004a] in <67f168408fbf4fce9c04342c093e9fe7>:0 
  at Vuforia.EditorClasses.ExtensionTypeProvider.IsPackageManager () [0x00000] in <67f168408fbf4fce9c04342c093e9fe7>:0 
  at Vuforia.EditorClasses.ExtensionTypeProvider.ResolvePluginType () [0x00009] in <67f168408fbf4fce9c04342c093e9fe7>:0 
  at Vuforia.EditorClasses.ExtensionTypeProvider.GetPluginType () [0x0000c] in <67f168408fbf4fce9c04342c093e9fe7>:0 
  at Vuforia.EditorClasses.VuforiaUtilities.IsVuforiaEnabledInPlayerSettings () [0x00000] in <67f168408fbf4fce9c04342c093e9fe7>:0 
  at Vuforia.EditorClasses.InitializeOnLoadVuforiaTaskRunner..cctor () [0x00015] in <67f168408fbf4fce9c04342c093e9fe7>:0 
UnityEngine.StackTraceUtility:ExtractStackTrace () (at /Users/bokken/buildslave/unity/build/Runtime/Export/Scripting/StackTrace.cs:37)
UnityEngine.DebugLogHandler:LogFormat (UnityEngine.LogType,UnityEngine.Object,string,object[])
UnityEngine.Logger:Log (UnityEngine.LogType,object)
UnityEngine.Debug:LogError (object)
UnityEditor.EditorAssemblies:ProcessInitializeOnLoadAttributes (System.Type[]) (at /Users/bokken/buildslave/unity/build/Editor/Mono/EditorAssemblies.cs:138)

(Filename: /Users/bokken/buildslave/unity/build/Editor/Mono/EditorAssemblies.cs Line: 138)

CreateSerializedAsset is not supported while importing out-of-process
UnityEngine.StackTraceUtility:ExtractStackTrace () (at /Users/bokken/buildslave/unity/build/Runtime/Export/Scripting/StackTrace.cs:37)
UnityEditor.XR.Management.EditorUtilities:CreateScriptableObjectInstance (string,string) (at Library/PackageCache/com.unity.xr.management@4.0.7/Editor/EditorUtilities.cs:102)
UnityEditor.XR.Management.XRPackageInitializationBootstrap:InitializeLoaderFromMetadata (string,System.Collections.Generic.List`1<UnityEditor.XR.Management.Metadata.IXRLoaderMetadata>) (at Library/PackageCache/com.unity.xr.management@4.0.7/Editor/XRPackageInitialization.cs:152)
UnityEditor.XR.Management.XRPackageInitializationBootstrap:InitializePackageFromMetadata (UnityEditor.XR.Management.Metadata.IXRPackage,UnityEditor.XR.Management.Metadata.IXRPackageMetadata) (at Library/PackageCache/com.unity.xr.management@4.0.7/Editor/XRPackageInitialization.cs:129)
UnityEditor.XR.Management.XRPackageInitializationBootstrap:InitPackage (UnityEditor.XR.Management.Metadata.IXRPackage) (at Library/PackageCache/com.unity.xr.management@4.0.7/Editor/XRPackageInitialization.cs:118)
UnityEditor.XR.Management.XRPackageInitializationBootstrap:BeginPackageInitialization () (at Library/PackageCache/com.unity.xr.management@4.0.7/Editor/XRPackageInitialization.cs:87)
UnityEditor.XR.Management.XRPackageInitializationBootstrap:.cctor () (at Library/PackageCache/com.unity.xr.management@4.0.7/Editor/XRPackageInitialization.cs:50)
System.Runtime.CompilerServices.RuntimeHelpers:RunClassConstructor (System.RuntimeTypeHandle)
UnityEditor.EditorAssemblies:ProcessInitializeOnLoadAttributes (System.Type[]) (at /Users/bokken/buildslave/unity/build/Editor/Mono/EditorAssemblies.cs:134)

[Library/PackageCache/com.unity.xr.management@4.0.7/Editor/EditorUtilities.cs line 102]

UnityEngine.UnityException: Creating asset at path Assets/XR/Loaders/Magic Leap Loader.asset failed.
  at (wrapper managed-to-native) UnityEditor.AssetDatabase.CreateAsset(UnityEngine.Object,string)
  at UnityEditor.XR.Management.EditorUtilities.CreateScriptableObjectInstance (System.String typeName, System.String path) [0x00031] in /Users/jonathanshum/Prototype_463/Library/PackageCache/com.unity.xr.management@4.0.7/Editor/EditorUtilities.cs:102 
  at UnityEditor.XR.Management.XRPackageInitializationBootstrap.InitializeLoaderFromMetadata (System.String packageName, System.Collections.Generic.List`1[T] loaderMetadatas) [0x0004e] in /Users/jonathanshum/Prototype_463/Library/PackageCache/com.unity.xr.management@4.0.7/Editor/XRPackageInitialization.cs:152 
  at UnityEditor.XR.Management.XRPackageInitializationBootstrap.InitializePackageFromMetadata (UnityEditor.XR.Management.Metadata.IXRPackage package, UnityEditor.XR.Management.Metadata.IXRPackageMetadata packageMetadata) [0x00001] in /Users/jonathanshum/Prototype_463/Library/PackageCache/com.unity.xr.management@4.0.7/Editor/XRPackageInitialization.cs:129 
  at UnityEditor.XR.Management.XRPackageInitializationBootstrap.InitPackage (UnityEditor.XR.Management.Metadata.IXRPackage package) [0x00030] in /Users/jonathanshum/Prototype_463/Library/PackageCache/com.unity.xr.management@4.0.7/Editor/XRPackageInitialization.cs:118 
  at UnityEditor.XR.Management.XRPackageInitializationBootstrap.BeginPackageInitialization () [0x0008f] in /Users/jonathanshum/Prototype_463/Library/PackageCache/com.unity.xr.management@4.0.7/Editor/XRPackageInitialization.cs:87 
  at UnityEditor.XR.Management.XRPackageInitializationBootstrap..cctor () [0x00030] in /Users/jonathanshum/Prototype_463/Library/PackageCache/com.unity.xr.management@4.0.7/Editor/XRPackageInitialization.cs:50 
UnityEngine.StackTraceUtility:ExtractStackTrace () (at /Users/bokken/buildslave/unity/build/Runtime/Export/Scripting/StackTrace.cs:37)
UnityEngine.DebugLogHandler:LogFormat (UnityEngine.LogType,UnityEngine.Object,string,object[])
UnityEngine.Logger:Log (UnityEngine.LogType,object)
UnityEngine.Debug:LogError (object)
UnityEditor.EditorAssemblies:ProcessInitializeOnLoadAttributes (System.Type[]) (at /Users/bokken/buildslave/unity/build/Editor/Mono/EditorAssemblies.cs:138)

(Filename: /Users/bokken/buildslave/unity/build/Editor/Mono/EditorAssemblies.cs Line: 138)

Mono: successfully reloaded assembly
- Completed reload, in  1.491 seconds
Domain Reload Profiling:
	ReloadAssembly (1492ms)
		BeginReloadAssembly (176ms)
			ExecutionOrderSort (0ms)
			DisableScriptedObjects (6ms)
			BackupInstance (0ms)
			ReleaseScriptingObjects (0ms)
			CreateAndSetChildDomain (29ms)
		EndReloadAssembly (1235ms)
			LoadAssemblies (94ms)
			RebuildTransferFunctionScriptingTraits (0ms)
			SetupTypeCache (469ms)
			ReleaseScriptCaches (1ms)
			RebuildScriptCaches (74ms)
			SetupLoadedEditorAssemblies (450ms)
				LogAssemblyErrors (0ms)
				InitializePlatformSupportModulesInManaged (6ms)
				SetLoadedEditorAssemblies (1ms)
				RefreshPlugins (5ms)
				BeforeProcessingInitializeOnLoad (80ms)
				ProcessInitializeOnLoadAttributes (345ms)
				ProcessInitializeOnLoadMethodAttributes (11ms)
				AfterProcessingInitializeOnLoad (2ms)
				EditorAssembliesLoaded (0ms)
			ExecutionOrderSort2 (0ms)
			AwakeInstancesAfterBackupRestoration (8ms)
Platform modules already initialized, skipping
Validating Project structure ... 0.001405 seconds.
Shader import version has changed; will reimport all shaders...
Upgrading shader files ...0.001650 seconds.
Application.AssetDatabase Initial Script Refresh Start
RefreshInfo: InitialScriptRefreshV2(NoUpdateAssetOptions) scanfilter:  ... 1 filters
RefreshProfiler: Total: 0.000ms
Application.AssetDatabase Initial Script Refresh End
Application.AssetDatabase.Refresh Start
Application.AssetDatabase.Refresh End
RefreshInfo: StopAssetImportingV2(ForceSynchronousImport) scanfilter: 
RefreshProfiler: Total: 0.000ms
Launching external process: /Applications/Unity/Hub/Editor/2020.3.22f1/Unity.app/Contents/Tools/UnityShaderCompiler
Launched and connected shader compiler UnityShaderCompiler after 0.01 seconds
Initializing Unity extensions:
2021-12-02 15:39:38.515 Unity[87838:839415] NSEventModifierFlagFunction specified to -setKeyEquivalentModifierMask: for item <NSMenuItem: 0x60000000bf00 Font Asset, ke='Command-F12'>, but is only supported for system-provided menu items; will not be used
2021-12-02 15:39:38.521 Unity[87838:839415] NSEventModifierFlagFunction specified to -setKeyEquivalentModifierMask: for item <NSMenuItem: 0x600000022140 Font Asset, ke='Command-F12'>, but is only supported for system-provided menu items; will not be used
========================================================================
Worker process is ready to serve import requests
Refreshing native plugins compatible for Editor in 1.12 ms, found 7 plugins.
Preloading 3 native plugins for Editor in 4.85 ms.
Unloading 2219 Unused Serialized files (Serialized files now loaded: 0)
System memory in use before: 231.7 MB.
System memory in use after: 230.9 MB.

Unloading 164 unused Assets to reduce memory usage. Loaded Objects now: 2954.
Total: 5.251592 ms (FindLiveObjects: 0.367503 ms CreateObjectMapping: 0.134583 ms MarkObjects: 4.093307 ms  DeleteObjects: 0.654840 ms)

AssetImportParameters requested are different than current active one (requested -> active):
  custom:video-decoder-ogg-theora: a1e56fd34408186e4bbccfd4996cb3dc -> 
  custom:container-muxer-webm: aa71ff27fc2769a1b78a27578f13a17b -> 
  custom:container-demuxer-webm: 4f35f7cbe854078d1ac9338744f61a02 -> 
  custom:container-demuxer-ogg: 62fdf1f143b41e24485cea50d1cbac27 -> 
  custom:video-encoder-webm-vp8: eb34c28f22e8b96e1ab97ce403110664 -> 
  custom:framework-osx-AVFoundation: e770b220cccbd017edd2c1fefb359320 -> 
  custom:video-decoder-webm-vp8: 9c59270c3fd7afecdb556c50c9e8de78 -> 
  custom:audio-decoder-ogg-vorbis: bf7c407c2cedff20999df2af8eb42d56 -> 
  custom:audio-encoder-webm-vorbis: bf7c407c2cedff20999df2af8eb42d56 -> 
========================================================================
Received Import Request.
  path: Assets/Models/Car/uploads-files-3035728-AMG+GT+exterior+only.fbx
  artifactKey: Guid(f89e89d2b538b433298ad0e48b7bcafc) Importer(815301076,1909f56bfc062723c751e8b465ee728b)
Start importing Assets/Models/Car/uploads-files-3035728-AMG+GT+exterior+only.fbx using Guid(f89e89d2b538b433298ad0e48b7bcafc) Importer(815301076,1909f56bfc062723c751e8b465ee728b)  -> (artifact id: '34804316a4dd257bc054a7fa7d4d0881') in 0.144434 seconds 
  Import took 0.150722 seconds .

========================================================================
Received Import Request.
  Time since last request: 389.648071 seconds.
  path: Assets/Models/Car/uploads-files-3035728-AMG+GT+exterior+only.fbx
  artifactKey: Guid(f89e89d2b538b433298ad0e48b7bcafc) Importer(815301076,1909f56bfc062723c751e8b465ee728b)
Start importing Assets/Models/Car/uploads-files-3035728-AMG+GT+exterior+only.fbx using Guid(f89e89d2b538b433298ad0e48b7bcafc) Importer(815301076,1909f56bfc062723c751e8b465ee728b)  -> (artifact id: '0686ceea4fbb508edd9af495bcc0967a') in 2.254296 seconds 
  Import took 2.264821 seconds .

========================================================================
Received Import Request.
  Time since last request: 591.628419 seconds.
  path: Assets/Models/Car/uploads-files-3035728-AMG+GT+exterior+only.fbx
  artifactKey: Guid(f89e89d2b538b433298ad0e48b7bcafc) Importer(815301076,1909f56bfc062723c751e8b465ee728b)
Start importing Assets/Models/Car/uploads-files-3035728-AMG+GT+exterior+only.fbx using Guid(f89e89d2b538b433298ad0e48b7bcafc) Importer(815301076,1909f56bfc062723c751e8b465ee728b)  -> (artifact id: '8e30aa0cb9727e2018ce44f3d9062b0e') in 1.789387 seconds 
  Import took 1.798718 seconds .

========================================================================
Received Import Request.
  Time since last request: 1.916973 seconds.
  path: Assets/Models/Car/Materials/Material_#25.mat
  artifactKey: Guid(d104a2403c1c442bab56c7d30389dfd8) Importer(815301076,1909f56bfc062723c751e8b465ee728b)
Start importing Assets/Models/Car/Materials/Material_#25.mat using Guid(d104a2403c1c442bab56c7d30389dfd8) Importer(815301076,1909f56bfc062723c751e8b465ee728b)  -> (artifact id: '4eed08586c0fa54c67eeeb2fa3150f02') in 0.477336 seconds 
  Import took 0.483646 seconds .

========================================================================
Received Import Request.
  Time since last request: 0.007540 seconds.
  path: Assets/Models/Car/Materials/マテリアル.033.mat
  artifactKey: Guid(17b32e1b0de374db9a564d68f38e92bd) Importer(815301076,1909f56bfc062723c751e8b465ee728b)
Start importing Assets/Models/Car/Materials/マテリアル.033.mat using Guid(17b32e1b0de374db9a564d68f38e92bd) Importer(815301076,1909f56bfc062723c751e8b465ee728b)  -> (artifact id: '48fe2b4e48d8485280693f5ec3c40590') in 0.033541 seconds 
  Import took 0.039842 seconds .

========================================================================
Received Import Request.
  Time since last request: 0.000383 seconds.
  path: Assets/Models/Car/Materials/マテリアル.043.mat
  artifactKey: Guid(e74ffe1f57faa4d08b2698670a5dfd5a) Importer(815301076,1909f56bfc062723c751e8b465ee728b)
Start importing Assets/Models/Car/Materials/マテリアル.043.mat using Guid(e74ffe1f57faa4d08b2698670a5dfd5a) Importer(815301076,1909f56bfc062723c751e8b465ee728b)  -> (artifact id: 'ef4a1d74ec4bcd55419a04f22d3614e8') in 0.035597 seconds 
  Import took 0.042817 seconds .

========================================================================
Received Import Request.
  Time since last request: 0.000597 seconds.
  path: Assets/Models/Car/Materials/マテリアル.015.mat
  artifactKey: Guid(cd591fccf38e54e82a9f7ccde1b16095) Importer(815301076,1909f56bfc062723c751e8b465ee728b)
Start importing Assets/Models/Car/Materials/マテリアル.015.mat using Guid(cd591fccf38e54e82a9f7ccde1b16095) Importer(815301076,1909f56bfc062723c751e8b465ee728b)  -> (artifact id: 'd44fd3909dbec704d94143846271de38') in 0.021519 seconds 
  Import took 0.028516 seconds .

========================================================================
Received Import Request.
  Time since last request: 0.000415 seconds.
  path: Assets/Models/Car/Materials/マテリアル.051.mat
  artifactKey: Guid(7c00a6b52951f4fbaa08eafe2db36d50) Importer(815301076,1909f56bfc062723c751e8b465ee728b)
Start importing Assets/Models/Car/Materials/マテリアル.051.mat using Guid(7c00a6b52951f4fbaa08eafe2db36d50) Importer(815301076,1909f56bfc062723c751e8b465ee728b)  -> (artifact id: '912ee1015bb3d1f452811b32ece564eb') in 0.017503 seconds 
  Import took 0.024644 seconds .

========================================================================
Received Import Request.
  Time since last request: 0.000405 seconds.
  path: Assets/Models/Car/Materials/マテリアル.044.mat
  artifactKey: Guid(515efc82e9ea843ecadc4fba668d9c63) Importer(815301076,1909f56bfc062723c751e8b465ee728b)
Start importing Assets/Models/Car/Materials/マテリアル.044.mat using Guid(515efc82e9ea843ecadc4fba668d9c63) Importer(815301076,1909f56bfc062723c751e8b465ee728b)  -> (artifact id: '04c67ffd240bcd8edde4521451bd1153') in 0.016169 seconds 
  Import took 0.022794 seconds .

========================================================================
Received Import Request.
  Time since last request: 0.000476 seconds.
  path: Assets/Models/Car/Materials/マテリアル.192.mat
  artifactKey: Guid(5ca65fd65bdbe4dbb9ed5a71b93d1138) Importer(815301076,1909f56bfc062723c751e8b465ee728b)
Start importing Assets/Models/Car/Materials/マテリアル.192.mat using Guid(5ca65fd65bdbe4dbb9ed5a71b93d1138) Importer(815301076,1909f56bfc062723c751e8b465ee728b)  -> (artifact id: '5c9bfaae2f861eff0b09316008182c20') in 0.014683 seconds 
  Import took 0.020851 seconds .

========================================================================
Received Import Request.
  Time since last request: 0.000487 seconds.
  path: Assets/Models/Car/Materials/マテリアル.014.mat
  artifactKey: Guid(b7faf6505ba904bdab17eaf38c82e270) Importer(815301076,1909f56bfc062723c751e8b465ee728b)
Start importing Assets/Models/Car/Materials/マテリアル.014.mat using Guid(b7faf6505ba904bdab17eaf38c82e270) Importer(815301076,1909f56bfc062723c751e8b465ee728b)  -> (artifact id: 'beeb853e68981c829eaa72e8221b4876') in 0.016219 seconds 
  Import took 0.022880 seconds .

========================================================================
Received Import Request.
  Time since last request: 0.000552 seconds.
  path: Assets/Models/Car/Materials/マテリアル.008.mat
  artifactKey: Guid(de23c9a794cdc4286b5fd29a8f2d9244) Importer(815301076,1909f56bfc062723c751e8b465ee728b)
Start importing Assets/Models/Car/Materials/マテリアル.008.mat using Guid(de23c9a794cdc4286b5fd29a8f2d9244) Importer(815301076,1909f56bfc062723c751e8b465ee728b)  -> (artifact id: '5f3e31c49957cdacdd0d351b0e24b3fd') in 0.018964 seconds 
  Import took 0.024961 seconds .

========================================================================
Received Import Request.
  Time since last request: 0.000346 seconds.
  path: Assets/Models/Car/Materials/マテリアル.189.mat
  artifactKey: Guid(949a05cbb784840fc8029bd3d08195bb) Importer(815301076,1909f56bfc062723c751e8b465ee728b)
Start importing Assets/Models/Car/Materials/マテリアル.189.mat using Guid(949a05cbb784840fc8029bd3d08195bb) Importer(815301076,1909f56bfc062723c751e8b465ee728b)  -> (artifact id: '3f4eb161e195a14aae2619ca5b871b2e') in 0.016053 seconds 
  Import took 0.024062 seconds .

========================================================================
Received Import Request.
  Time since last request: 0.000421 seconds.
  path: Assets/Models/Car/Materials/マテリアル.016.mat
  artifactKey: Guid(27262ff7e27164ba7a448c50f89bebc7) Importer(815301076,1909f56bfc062723c751e8b465ee728b)
Start importing Assets/Models/Car/Materials/マテリアル.016.mat using Guid(27262ff7e27164ba7a448c50f89bebc7) Importer(815301076,1909f56bfc062723c751e8b465ee728b)  -> (artifact id: 'f41718d5a1549ce7e0a8ab8e9d00828f') in 0.015336 seconds 
  Import took 0.022088 seconds .

========================================================================
Received Import Request.
  Time since last request: 0.000409 seconds.
  path: Assets/Models/Car/Materials/マテリアル.010.mat
  artifactKey: Guid(863301b7cafed4f80a3b7f097f7534e2) Importer(815301076,1909f56bfc062723c751e8b465ee728b)
Start importing Assets/Models/Car/Materials/マテリアル.010.mat using Guid(863301b7cafed4f80a3b7f097f7534e2) Importer(815301076,1909f56bfc062723c751e8b465ee728b)  -> (artifact id: 'ecd719170936b4e52199f08e994a45aa') in 0.017059 seconds 
  Import took 0.024294 seconds .

========================================================================
Received Import Request.
  Time since last request: 0.000403 seconds.
  path: Assets/Models/Car/Materials/マテリアル.047.mat
  artifactKey: Guid(859729ec426634c6380a40fad8b5ccf0) Importer(815301076,1909f56bfc062723c751e8b465ee728b)
Start importing Assets/Models/Car/Materials/マテリアル.047.mat using Guid(859729ec426634c6380a40fad8b5ccf0) Importer(815301076,1909f56bfc062723c751e8b465ee728b)  -> (artifact id: '24a18daa44a0b2703d435217d7259d36') in 0.016494 seconds 
  Import took 0.023945 seconds .

========================================================================
Received Import Request.
  Time since last request: 0.000508 seconds.
  path: Assets/Models/Car/Materials/マテリアル.007.mat
  artifactKey: Guid(e10be19bfc4914030a532d564db87ec5) Importer(815301076,1909f56bfc062723c751e8b465ee728b)
Start importing Assets/Models/Car/Materials/マテリアル.007.mat using Guid(e10be19bfc4914030a532d564db87ec5) Importer(815301076,1909f56bfc062723c751e8b465ee728b)  -> (artifact id: '5dd0b22ce1821aa61f8d23abf1db79c0') in 0.015978 seconds 
  Import took 0.023016 seconds .

========================================================================
Received Import Request.
  Time since last request: 0.000387 seconds.
  path: Assets/Models/Car/Materials/マテリアル.030.mat
  artifactKey: Guid(a418e4e9f29b949b59ee4ceffdafc95f) Importer(815301076,1909f56bfc062723c751e8b465ee728b)
Start importing Assets/Models/Car/Materials/マテリアル.030.mat using Guid(a418e4e9f29b949b59ee4ceffdafc95f) Importer(815301076,1909f56bfc062723c751e8b465ee728b)  -> (artifact id: '259b8c028d16bf16b77f6944315a22cd') in 0.020262 seconds 
  Import took 0.026744 seconds .

========================================================================
Received Import Request.
  Time since last request: 0.000515 seconds.
  path: Assets/Models/Car/Materials/マテリアル.046.mat
  artifactKey: Guid(d6b4866918a68435d9a46283e408c064) Importer(815301076,1909f56bfc062723c751e8b465ee728b)
Start importing Assets/Models/Car/Materials/マテリアル.046.mat using Guid(d6b4866918a68435d9a46283e408c064) Importer(815301076,1909f56bfc062723c751e8b465ee728b)  -> (artifact id: '29784b21e58ac210ea1ff4ec15bd9b65') in 0.020982 seconds 
  Import took 0.027594 seconds .

========================================================================
Received Import Request.
  Time since last request: 0.000581 seconds.
  path: Assets/Models/Car/Materials/マテリアル.029.mat
  artifactKey: Guid(9d88a89b1d0c64f03a054fd7994e8f27) Importer(815301076,1909f56bfc062723c751e8b465ee728b)
Start importing Assets/Models/Car/Materials/マテリアル.029.mat using Guid(9d88a89b1d0c64f03a054fd7994e8f27) Importer(815301076,1909f56bfc062723c751e8b465ee728b)  -> (artifact id: '7b00865733ebb40accb70a395e4e2428') in 0.018539 seconds 
  Import took 0.025636 seconds .

========================================================================
Received Import Request.
  Time since last request: 0.000383 seconds.
  path: Assets/Models/Car/Materials/マテリアル.019.mat
  artifactKey: Guid(8d54137a82c2a4a04b93fe24b6909a0e) Importer(815301076,1909f56bfc062723c751e8b465ee728b)
Start importing Assets/Models/Car/Materials/マテリアル.019.mat using Guid(8d54137a82c2a4a04b93fe24b6909a0e) Importer(815301076,1909f56bfc062723c751e8b465ee728b)  -> (artifact id: 'c420ddd7f1b3146d9ac974cd0a483f9a') in 0.016843 seconds 
  Import took 0.023938 seconds .

========================================================================
Received Import Request.
  Time since last request: 0.000405 seconds.
  path: Assets/Models/Car/Materials/マテリアル.005.mat
  artifactKey: Guid(4a63bfb9256834b9ca3434012439437a) Importer(815301076,1909f56bfc062723c751e8b465ee728b)
Start importing Assets/Models/Car/Materials/マテリアル.005.mat using Guid(4a63bfb9256834b9ca3434012439437a) Importer(815301076,1909f56bfc062723c751e8b465ee728b)  -> (artifact id: 'd3c700c9cc105b066383fd565d96ccb8') in 0.015728 seconds 
  Import took 0.021791 seconds .

========================================================================
Received Import Request.
  Time since last request: 0.000495 seconds.
  path: Assets/Models/Car/Materials/マテリアル.232.mat
  artifactKey: Guid(bf8c2d9703b3949a3874ac754fa3bc5f) Importer(815301076,1909f56bfc062723c751e8b465ee728b)
Start importing Assets/Models/Car/Materials/マテリアル.232.mat using Guid(bf8c2d9703b3949a3874ac754fa3bc5f) Importer(815301076,1909f56bfc062723c751e8b465ee728b)  -> (artifact id: '0239dfb59813b596f0185462b44174f7') in 0.016988 seconds 
  Import took 0.023991 seconds .

========================================================================
Received Import Request.
  Time since last request: 0.000463 seconds.
  path: Assets/Models/Car/Materials/マテリアル.254.mat
  artifactKey: Guid(aa4823e4020b044e4b527e4ae9c6e0b2) Importer(815301076,1909f56bfc062723c751e8b465ee728b)
Start importing Assets/Models/Car/Materials/マテリアル.254.mat using Guid(aa4823e4020b044e4b527e4ae9c6e0b2) Importer(815301076,1909f56bfc062723c751e8b465ee728b)  -> (artifact id: '3b2c2efc277081895ce39b765d7d3f4a') in 0.014927 seconds 
  Import took 0.022084 seconds .

========================================================================
Received Import Request.
  Time since last request: 0.000436 seconds.
  path: Assets/Models/Car/Materials/マテリアル.291.mat
  artifactKey: Guid(a0ca12bfd19034f228aecf816eecd3a1) Importer(815301076,1909f56bfc062723c751e8b465ee728b)
Start importing Assets/Models/Car/Materials/マテリアル.291.mat using Guid(a0ca12bfd19034f228aecf816eecd3a1) Importer(815301076,1909f56bfc062723c751e8b465ee728b)  -> (artifact id: '31bfa8d69440a265a8eff871a8c06247') in 0.020715 seconds 
  Import took 0.027943 seconds .

========================================================================
Received Import Request.
  Time since last request: 0.000368 seconds.
  path: Assets/Models/Car/Materials/マテリアル.012.mat
  artifactKey: Guid(1dc95e40d3705417b9125fb1ece48c53) Importer(815301076,1909f56bfc062723c751e8b465ee728b)
Start importing Assets/Models/Car/Materials/マテリアル.012.mat using Guid(1dc95e40d3705417b9125fb1ece48c53) Importer(815301076,1909f56bfc062723c751e8b465ee728b)  -> (artifact id: '2f4363be68f2028a0724a9b3dbda6015') in 0.019419 seconds 
  Import took 0.026189 seconds .

========================================================================
Received Import Request.
  Time since last request: 0.000451 seconds.
  path: Assets/Models/Car/Materials/マテリアル.253.mat
  artifactKey: Guid(234e01393ed774b65a39848c54aa951d) Importer(815301076,1909f56bfc062723c751e8b465ee728b)
Start importing Assets/Models/Car/Materials/マテリアル.253.mat using Guid(234e01393ed774b65a39848c54aa951d) Importer(815301076,1909f56bfc062723c751e8b465ee728b)  -> (artifact id: '5a5f42018545ee48e0f0db0d4060adf6') in 0.020190 seconds 
  Import took 0.028095 seconds .

========================================================================
Received Import Request.
  Time since last request: 0.000444 seconds.
  path: Assets/Models/Car/Materials/マテリアル.mat
  artifactKey: Guid(431f1e57e5ac842e3b559549a02f35e1) Importer(815301076,1909f56bfc062723c751e8b465ee728b)
Start importing Assets/Models/Car/Materials/マテリアル.mat using Guid(431f1e57e5ac842e3b559549a02f35e1) Importer(815301076,1909f56bfc062723c751e8b465ee728b)  -> (artifact id: 'b85ccf34a2a691f04ab042b52aa14c55') in 0.016077 seconds 
  Import took 0.022228 seconds .

========================================================================
Received Import Request.
  Time since last request: 0.000329 seconds.
  path: Assets/Models/Car/Materials/マテリアル.009.mat
  artifactKey: Guid(1569663b5199949febf442c2ba3df183) Importer(815301076,1909f56bfc062723c751e8b465ee728b)
Start importing Assets/Models/Car/Materials/マテリアル.009.mat using Guid(1569663b5199949febf442c2ba3df183) Importer(815301076,1909f56bfc062723c751e8b465ee728b)  -> (artifact id: 'b1a5b2cb24772275f68d18fc31401ff0') in 0.015504 seconds 
  Import took 0.021174 seconds .

========================================================================
Received Import Request.
  Time since last request: 0.000481 seconds.
  path: Assets/Models/Car/Materials/マテリアル.213.mat
  artifactKey: Guid(dd28a2ca216fe44ed9767d8e89503259) Importer(815301076,1909f56bfc062723c751e8b465ee728b)
Start importing Assets/Models/Car/Materials/マテリアル.213.mat using Guid(dd28a2ca216fe44ed9767d8e89503259) Importer(815301076,1909f56bfc062723c751e8b465ee728b)  -> (artifact id: '581dcbbfd6c9f2348bf8d6936dfbb8c0') in 0.016473 seconds 
  Import took 0.024010 seconds .

========================================================================
Received Import Request.
  Time since last request: 0.000506 seconds.
  path: Assets/Models/Car/Materials/マテリアル.188.mat
  artifactKey: Guid(cd1be10beb0854b508e71e6a98859588) Importer(815301076,1909f56bfc062723c751e8b465ee728b)
Start importing Assets/Models/Car/Materials/マテリアル.188.mat using Guid(cd1be10beb0854b508e71e6a98859588) Importer(815301076,1909f56bfc062723c751e8b465ee728b)  -> (artifact id: 'c456c96c66a096fd729f2ce8654b99f9') in 0.016408 seconds 
  Import took 0.023492 seconds .

========================================================================
Received Import Request.
  Time since last request: 0.000358 seconds.
  path: Assets/Models/Car/Materials/マテリアル.233.mat
  artifactKey: Guid(9d59241ed7bb041a795624179059cfe4) Importer(815301076,1909f56bfc062723c751e8b465ee728b)
Start importing Assets/Models/Car/Materials/マテリアル.233.mat using Guid(9d59241ed7bb041a795624179059cfe4) Importer(815301076,1909f56bfc062723c751e8b465ee728b)  -> (artifact id: 'e5f5d246752620e0b9d8bda9a4dea302') in 0.016126 seconds 
  Import took 0.022828 seconds .

========================================================================
Received Import Request.
  Time since last request: 0.000329 seconds.
  path: Assets/Models/Car/Materials/マテリアル.234.mat
  artifactKey: Guid(0a711f15b78a3433b989ee366fe1129b) Importer(815301076,1909f56bfc062723c751e8b465ee728b)
Start importing Assets/Models/Car/Materials/マテリアル.234.mat using Guid(0a711f15b78a3433b989ee366fe1129b) Importer(815301076,1909f56bfc062723c751e8b465ee728b)  -> (artifact id: 'e73f0b5d2d0159f9e682cebcfb8ce4bb') in 0.014003 seconds 
  Import took 0.019887 seconds .

========================================================================
Received Import Request.
  Time since last request: 0.000504 seconds.
  path: Assets/Models/Car/Materials/マテリアル.257.mat
  artifactKey: Guid(ed2275143f4e74afea2ba9ccd4908af1) Importer(815301076,1909f56bfc062723c751e8b465ee728b)
Start importing Assets/Models/Car/Materials/マテリアル.257.mat using Guid(ed2275143f4e74afea2ba9ccd4908af1) Importer(815301076,1909f56bfc062723c751e8b465ee728b)  -> (artifact id: '1b06ff721dd0a8e049111b696f7748bd') in 0.018620 seconds 
  Import took 0.026173 seconds .

========================================================================
Received Import Request.
  Time since last request: 0.000463 seconds.
  path: Assets/Models/Car/Materials/マテリアル.301.mat
  artifactKey: Guid(ae719b8d177204428a5340a3ca24cd78) Importer(815301076,1909f56bfc062723c751e8b465ee728b)
Start importing Assets/Models/Car/Materials/マテリアル.301.mat using Guid(ae719b8d177204428a5340a3ca24cd78) Importer(815301076,1909f56bfc062723c751e8b465ee728b)  -> (artifact id: '8d95820021d162d4c20e30b42137f888') in 0.016213 seconds 
  Import took 0.023878 seconds .

========================================================================
Received Import Request.
  Time since last request: 0.000422 seconds.
  path: Assets/Models/Car/Materials/マテリアル.275.mat
  artifactKey: Guid(e7e5942c2654e48b397e6e19a93ef110) Importer(815301076,1909f56bfc062723c751e8b465ee728b)
Start importing Assets/Models/Car/Materials/マテリアル.275.mat using Guid(e7e5942c2654e48b397e6e19a93ef110) Importer(815301076,1909f56bfc062723c751e8b465ee728b)  -> (artifact id: '5d627c4614d46a3159aa95d593d09b3a') in 0.019615 seconds 
  Import took 0.025249 seconds .

========================================================================
Received Import Request.
  Time since last request: 0.000402 seconds.
  path: Assets/Models/Car/Materials/マテリアル.011.mat
  artifactKey: Guid(770cea467ef1346d0b05a7664bf4a271) Importer(815301076,1909f56bfc062723c751e8b465ee728b)
Start importing Assets/Models/Car/Materials/マテリアル.011.mat using Guid(770cea467ef1346d0b05a7664bf4a271) Importer(815301076,1909f56bfc062723c751e8b465ee728b)  -> (artifact id: '9c4b51855637748e47e38add8bcc9c46') in 0.019177 seconds 
  Import took 0.025557 seconds .

========================================================================
Received Import Request.
  Time since last request: 0.000411 seconds.
  path: Assets/Models/Car/Materials/マテリアル.274.mat
  artifactKey: Guid(a874aefaa4a8a4b22b1c6393152d434a) Importer(815301076,1909f56bfc062723c751e8b465ee728b)
Start importing Assets/Models/Car/Materials/マテリアル.274.mat using Guid(a874aefaa4a8a4b22b1c6393152d434a) Importer(815301076,1909f56bfc062723c751e8b465ee728b)  -> (artifact id: 'ba80b2ea7656a55d36993d6e1990b101') in 0.019128 seconds 
  Import took 0.025080 seconds .

========================================================================
Received Import Request.
  Time since last request: 0.000379 seconds.
  path: Assets/Models/Car/Materials/マテリアル.220.mat
  artifactKey: Guid(7f99b3ddbbe564de9918b4fb9ad4c2ad) Importer(815301076,1909f56bfc062723c751e8b465ee728b)
Start importing Assets/Models/Car/Materials/マテリアル.220.mat using Guid(7f99b3ddbbe564de9918b4fb9ad4c2ad) Importer(815301076,1909f56bfc062723c751e8b465ee728b)  -> (artifact id: 'c83516bd12d5d003fbecd68a1e27a236') in 0.018757 seconds 
  Import took 0.025867 seconds .

========================================================================
Received Import Request.
  Time since last request: 0.000371 seconds.
  path: Assets/Models/Car/Materials/マテリアル.020.mat
  artifactKey: Guid(c98408fde56cf4a88aa0c0d526de475c) Importer(815301076,1909f56bfc062723c751e8b465ee728b)
Start importing Assets/Models/Car/Materials/マテリアル.020.mat using Guid(c98408fde56cf4a88aa0c0d526de475c) Importer(815301076,1909f56bfc062723c751e8b465ee728b)  -> (artifact id: 'd241cf9c6be66e0488478e97d7ff0655') in 0.016563 seconds 
  Import took 0.023080 seconds .

========================================================================
Received Import Request.
  Time since last request: 0.000338 seconds.
  path: Assets/Models/Car/Materials/マテリアル.027.mat
  artifactKey: Guid(14aec36f93c034937a8d6be7108fbd26) Importer(815301076,1909f56bfc062723c751e8b465ee728b)
Start importing Assets/Models/Car/Materials/マテリアル.027.mat using Guid(14aec36f93c034937a8d6be7108fbd26) Importer(815301076,1909f56bfc062723c751e8b465ee728b)  -> (artifact id: 'de27b17c59cc180b5f67a300c30b21b8') in 0.015519 seconds 
  Import took 0.022236 seconds .

========================================================================
Received Import Request.
  Time since last request: 0.000420 seconds.
  path: Assets/Models/Car/Materials/マテリアル.203.mat
  artifactKey: Guid(9fa3a739cb5124c978a41a566232c4b8) Importer(815301076,1909f56bfc062723c751e8b465ee728b)
Start importing Assets/Models/Car/Materials/マテリアル.203.mat using Guid(9fa3a739cb5124c978a41a566232c4b8) Importer(815301076,1909f56bfc062723c751e8b465ee728b)  -> (artifact id: '0f3cd9194501cf201213b5a20a13500c') in 0.017584 seconds 
  Import took 0.024818 seconds .

========================================================================
Received Import Request.
  Time since last request: 0.000384 seconds.
  path: Assets/Models/Car/Materials/マテリアル.245.mat
  artifactKey: Guid(7fd7caebad6a54da5a5c8e2c5d21623d) Importer(815301076,1909f56bfc062723c751e8b465ee728b)
Start importing Assets/Models/Car/Materials/マテリアル.245.mat using Guid(7fd7caebad6a54da5a5c8e2c5d21623d) Importer(815301076,1909f56bfc062723c751e8b465ee728b)  -> (artifact id: '8ff900d43d9566b2a53ddf59fddb8efc') in 0.017434 seconds 
  Import took 0.024583 seconds .

========================================================================
Received Import Request.
  Time since last request: 0.000366 seconds.
  path: Assets/Models/Car/Materials/マテリアル.261.mat
  artifactKey: Guid(dab51c72429f64b558db47992535c88d) Importer(815301076,1909f56bfc062723c751e8b465ee728b)
Start importing Assets/Models/Car/Materials/マテリアル.261.mat using Guid(dab51c72429f64b558db47992535c88d) Importer(815301076,1909f56bfc062723c751e8b465ee728b)  -> (artifact id: '461a49deb91b03eb13644898c78e6d11') in 0.015921 seconds 
  Import took 0.022982 seconds .

========================================================================
Received Import Request.
  Time since last request: 0.001621 seconds.
  path: Assets/Models/Car/Materials/マテリアル.286.mat
  artifactKey: Guid(6ae89db1468c34841a788141f96a38e4) Importer(815301076,1909f56bfc062723c751e8b465ee728b)
Start importing Assets/Models/Car/Materials/マテリアル.286.mat using Guid(6ae89db1468c34841a788141f96a38e4) Importer(815301076,1909f56bfc062723c751e8b465ee728b)  -> (artifact id: '259eb2fae3bd1700551c1f7687a34681') in 0.015786 seconds 
  Import took 0.022287 seconds .

========================================================================
Received Import Request.
  Time since last request: 0.000451 seconds.
  path: Assets/Models/Car/Materials/マテリアル.236.mat
  artifactKey: Guid(a272e52fabf4f43ccaa176221d8256d4) Importer(815301076,1909f56bfc062723c751e8b465ee728b)
Start importing Assets/Models/Car/Materials/マテリアル.236.mat using Guid(a272e52fabf4f43ccaa176221d8256d4) Importer(815301076,1909f56bfc062723c751e8b465ee728b)  -> (artifact id: 'd781b812589d8902714462a96f003ee6') in 0.016895 seconds 
  Import took 0.023277 seconds .

========================================================================
Received Import Request.
  Time since last request: 0.000392 seconds.
  path: Assets/Models/Car/Materials/マテリアル.017.mat
  artifactKey: Guid(e3e711f6fc6804640a94c74463d28800) Importer(815301076,1909f56bfc062723c751e8b465ee728b)
Start importing Assets/Models/Car/Materials/マテリアル.017.mat using Guid(e3e711f6fc6804640a94c74463d28800) Importer(815301076,1909f56bfc062723c751e8b465ee728b)  -> (artifact id: '373e8a232fc5fd62231e4832c95af049') in 0.016747 seconds 
  Import took 0.023853 seconds .

========================================================================
Received Import Request.
  Time since last request: 0.000410 seconds.
  path: Assets/Models/Car/Materials/マテリアル.267.mat
  artifactKey: Guid(7ce6715f4cb97417f8c88d286c19cb5c) Importer(815301076,1909f56bfc062723c751e8b465ee728b)
Start importing Assets/Models/Car/Materials/マテリアル.267.mat using Guid(7ce6715f4cb97417f8c88d286c19cb5c) Importer(815301076,1909f56bfc062723c751e8b465ee728b)  -> (artifact id: 'ce2cf2afdeeee2cbfb616997ef247198') in 0.020016 seconds 
  Import took 0.026423 seconds .

========================================================================
Received Import Request.
  Time since last request: 0.000602 seconds.
  path: Assets/Models/Car/Materials/マテリアル.191.mat
  artifactKey: Guid(a3d91cf23ee28490b812aefb3c9b2968) Importer(815301076,1909f56bfc062723c751e8b465ee728b)
Start importing Assets/Models/Car/Materials/マテリアル.191.mat using Guid(a3d91cf23ee28490b812aefb3c9b2968) Importer(815301076,1909f56bfc062723c751e8b465ee728b)  -> (artifact id: '9ab50762733a404dbc52e7bf3d5558ec') in 0.014840 seconds 
  Import took 0.020615 seconds .

========================================================================
Received Import Request.
  Time since last request: 0.000331 seconds.
  path: Assets/Models/Car/Materials/マテリアル.248.mat
  artifactKey: Guid(a0d3bc666ce5b4b30860eade173472a4) Importer(815301076,1909f56bfc062723c751e8b465ee728b)
Start importing Assets/Models/Car/Materials/マテリアル.248.mat using Guid(a0d3bc666ce5b4b30860eade173472a4) Importer(815301076,1909f56bfc062723c751e8b465ee728b)  -> (artifact id: '270923ac0a093301bbeb446c9128424e') in 0.016614 seconds 
  Import took 0.023546 seconds .

========================================================================
Received Import Request.
  Time since last request: 0.000451 seconds.
  path: Assets/Models/Car/Materials/マテリアル.201.mat
  artifactKey: Guid(07fba0aa0e0264a5fab94e2d68286ba6) Importer(815301076,1909f56bfc062723c751e8b465ee728b)
Start importing Assets/Models/Car/Materials/マテリアル.201.mat using Guid(07fba0aa0e0264a5fab94e2d68286ba6) Importer(815301076,1909f56bfc062723c751e8b465ee728b)  -> (artifact id: '7fd2cd1893030f53ec03d66061722f05') in 0.016208 seconds 
  Import took 0.023424 seconds .

========================================================================
Received Import Request.
  Time since last request: 0.000384 seconds.
  path: Assets/Models/Car/Materials/マテリアル.244.mat
  artifactKey: Guid(0d075cbd866b84247885762bf02561ab) Importer(815301076,1909f56bfc062723c751e8b465ee728b)
Start importing Assets/Models/Car/Materials/マテリアル.244.mat using Guid(0d075cbd866b84247885762bf02561ab) Importer(815301076,1909f56bfc062723c751e8b465ee728b)  -> (artifact id: '947ec9f330b55a5b30e2985b41f27c18') in 0.013479 seconds 
  Import took 0.019731 seconds .

========================================================================
Received Import Request.
  Time since last request: 0.000473 seconds.
  path: Assets/Models/Car/Materials/マテリアル.202.mat
  artifactKey: Guid(cf816ae323abb40a8b98f539514f712a) Importer(815301076,1909f56bfc062723c751e8b465ee728b)
Start importing Assets/Models/Car/Materials/マテリアル.202.mat using Guid(cf816ae323abb40a8b98f539514f712a) Importer(815301076,1909f56bfc062723c751e8b465ee728b)  -> (artifact id: '3e0387d71a9b1e73c87aeb1ab1577b08') in 0.017663 seconds 
  Import took 0.024197 seconds .

========================================================================
Received Import Request.
  Time since last request: 0.000400 seconds.
  path: Assets/Models/Car/Materials/マテリアル.242.mat
  artifactKey: Guid(273c2c946e7c648349ba724d08d367a8) Importer(815301076,1909f56bfc062723c751e8b465ee728b)
Start importing Assets/Models/Car/Materials/マテリアル.242.mat using Guid(273c2c946e7c648349ba724d08d367a8) Importer(815301076,1909f56bfc062723c751e8b465ee728b)  -> (artifact id: '9394e347786f6808c3e42bdacc3f62a0') in 0.015338 seconds 
  Import took 0.022145 seconds .

========================================================================
Received Import Request.
  Time since last request: 0.000458 seconds.
  path: Assets/Models/Car/Materials/マテリアル.246.mat
  artifactKey: Guid(1edc88fba2f8a4cf9b7b2ad79027ba49) Importer(815301076,1909f56bfc062723c751e8b465ee728b)
Start importing Assets/Models/Car/Materials/マテリアル.246.mat using Guid(1edc88fba2f8a4cf9b7b2ad79027ba49) Importer(815301076,1909f56bfc062723c751e8b465ee728b)  -> (artifact id: '437aac623b28e3e43b023d80d7624810') in 0.018699 seconds 
  Import took 0.025340 seconds .

========================================================================
Received Import Request.
  Time since last request: 0.000521 seconds.
  path: Assets/Models/Car/Materials/マテリアル.045.mat
  artifactKey: Guid(da115bbfeda3c4509a379cc35b8f41e4) Importer(815301076,1909f56bfc062723c751e8b465ee728b)
Start importing Assets/Models/Car/Materials/マテリアル.045.mat using Guid(da115bbfeda3c4509a379cc35b8f41e4) Importer(815301076,1909f56bfc062723c751e8b465ee728b)  -> (artifact id: '6f870f7c8d1f107c15589edbe243494b') in 0.018784 seconds 
  Import took 0.025813 seconds .

========================================================================
Received Import Request.
  Time since last request: 0.000400 seconds.
  path: Assets/Models/Car/Materials/マテリアル.260.mat
  artifactKey: Guid(0959d76e444404547925b71ec44be28d) Importer(815301076,1909f56bfc062723c751e8b465ee728b)
Start importing Assets/Models/Car/Materials/マテリアル.260.mat using Guid(0959d76e444404547925b71ec44be28d) Importer(815301076,1909f56bfc062723c751e8b465ee728b)  -> (artifact id: '95a740d3bca374b8ef906c83eefdd786') in 0.019594 seconds 
  Import took 0.027577 seconds .

========================================================================
Received Import Request.
  Time since last request: 0.000399 seconds.
  path: Assets/Models/Car/Materials/マテリアル.199.mat
  artifactKey: Guid(629cd662da30b4b5b9d290ce6a9433a4) Importer(815301076,1909f56bfc062723c751e8b465ee728b)
Start importing Assets/Models/Car/Materials/マテリアル.199.mat using Guid(629cd662da30b4b5b9d290ce6a9433a4) Importer(815301076,1909f56bfc062723c751e8b465ee728b)  -> (artifact id: '069bdc1960fefc34cdda8ad45637b0f8') in 0.016396 seconds 
  Import took 0.023475 seconds .

========================================================================
Received Import Request.
  Time since last request: 0.000441 seconds.
  path: Assets/Models/Car/Materials/マテリアル.038.mat
  artifactKey: Guid(2d5354393b2de4e4a8989cf633fd34b0) Importer(815301076,1909f56bfc062723c751e8b465ee728b)
Start importing Assets/Models/Car/Materials/マテリアル.038.mat using Guid(2d5354393b2de4e4a8989cf633fd34b0) Importer(815301076,1909f56bfc062723c751e8b465ee728b)  -> (artifact id: '89e7da0159fd22acac9a7648662fe576') in 0.021733 seconds 
  Import took 0.029732 seconds .

========================================================================
Received Import Request.
  Time since last request: 0.000619 seconds.
  path: Assets/Models/Car/Materials/マテリアル.048.mat
  artifactKey: Guid(a8a801205dd0c46af8f5da20fa6dc18c) Importer(815301076,1909f56bfc062723c751e8b465ee728b)
Start importing Assets/Models/Car/Materials/マテリアル.048.mat using Guid(a8a801205dd0c46af8f5da20fa6dc18c) Importer(815301076,1909f56bfc062723c751e8b465ee728b)  -> (artifact id: '0f1b837531837be0280cea2f9f02527e') in 0.016874 seconds 
  Import took 0.023290 seconds .

========================================================================
Received Import Request.
  Time since last request: 0.000393 seconds.
  path: Assets/Models/Car/Materials/マテリアル.042.mat
  artifactKey: Guid(8bd81cf94faea485b86f6bf1fa40496b) Importer(815301076,1909f56bfc062723c751e8b465ee728b)
Start importing Assets/Models/Car/Materials/マテリアル.042.mat using Guid(8bd81cf94faea485b86f6bf1fa40496b) Importer(815301076,1909f56bfc062723c751e8b465ee728b)  -> (artifact id: '5be3833478b49296140df2e657e39b16') in 0.015854 seconds 
  Import took 0.024135 seconds .

========================================================================
Received Import Request.
  Time since last request: 0.000396 seconds.
  path: Assets/Models/Car/Materials/マテリアル.004.mat
  artifactKey: Guid(6d9cf110aa40047228d443e9b6ff2a27) Importer(815301076,1909f56bfc062723c751e8b465ee728b)
Start importing Assets/Models/Car/Materials/マテリアル.004.mat using Guid(6d9cf110aa40047228d443e9b6ff2a27) Importer(815301076,1909f56bfc062723c751e8b465ee728b)  -> (artifact id: '11a2a1b0bf5f4a95a657293794ff8e06') in 0.015248 seconds 
  Import took 0.021665 seconds .

========================================================================
Received Import Request.
  Time since last request: 0.000383 seconds.
  path: Assets/Models/Car/Materials/マテリアル.265.mat
  artifactKey: Guid(7b40633eed2c1487b96f94be53f0799b) Importer(815301076,1909f56bfc062723c751e8b465ee728b)
Start importing Assets/Models/Car/Materials/マテリアル.265.mat using Guid(7b40633eed2c1487b96f94be53f0799b) Importer(815301076,1909f56bfc062723c751e8b465ee728b)  -> (artifact id: '7bb24b5069ce5829ada023444c0555fd') in 0.017644 seconds 
  Import took 0.024839 seconds .

========================================================================
Received Import Request.
  Time since last request: 0.001229 seconds.
  path: Assets/Models/Car/Materials/マテリアル.240.mat
  artifactKey: Guid(7391eed7db2184237937f259956ec533) Importer(815301076,1909f56bfc062723c751e8b465ee728b)
Start importing Assets/Models/Car/Materials/マテリアル.240.mat using Guid(7391eed7db2184237937f259956ec533) Importer(815301076,1909f56bfc062723c751e8b465ee728b)  -> (artifact id: '8aae53acc8e5243bc86dcc2b82381ef3') in 0.016125 seconds 
  Import took 0.023386 seconds .

========================================================================
Received Import Request.
  Time since last request: 0.000340 seconds.
  path: Assets/Models/Car/Materials/マテリアル.249.mat
  artifactKey: Guid(d9ccb3574b51d463895ba80859dd8f11) Importer(815301076,1909f56bfc062723c751e8b465ee728b)
Start importing Assets/Models/Car/Materials/マテリアル.249.mat using Guid(d9ccb3574b51d463895ba80859dd8f11) Importer(815301076,1909f56bfc062723c751e8b465ee728b)  -> (artifact id: '0350960c0d79a5b04475934d858d544d') in 0.019328 seconds 
  Import took 0.026720 seconds .

========================================================================
Received Import Request.
  Time since last request: 0.000396 seconds.
  path: Assets/Models/Car/Materials/マテリアル.221.mat
  artifactKey: Guid(d3bbab4a568534eb692892782565f5bc) Importer(815301076,1909f56bfc062723c751e8b465ee728b)
Start importing Assets/Models/Car/Materials/マテリアル.221.mat using Guid(d3bbab4a568534eb692892782565f5bc) Importer(815301076,1909f56bfc062723c751e8b465ee728b)  -> (artifact id: 'a6f1ec438a61c893f34c1558840c7a10') in 0.016200 seconds 
  Import took 0.023197 seconds .

========================================================================
Received Import Request.
  Time since last request: 0.000560 seconds.
  path: Assets/Models/Car/Materials/マテリアル.266.mat
  artifactKey: Guid(f1704c8f3f8b54ad8bc3ca4090eff735) Importer(815301076,1909f56bfc062723c751e8b465ee728b)
Start importing Assets/Models/Car/Materials/マテリアル.266.mat using Guid(f1704c8f3f8b54ad8bc3ca4090eff735) Importer(815301076,1909f56bfc062723c751e8b465ee728b)  -> (artifact id: 'ab895c91eac8a11e4b6929dfa3915900') in 0.019733 seconds 
  Import took 0.027783 seconds .

========================================================================
Received Import Request.
  Time since last request: 0.000392 seconds.
  path: Assets/Models/Car/Materials/マテリアル.259.mat
  artifactKey: Guid(cd4c16bc7b049418682b9425020f7b63) Importer(815301076,1909f56bfc062723c751e8b465ee728b)
Start importing Assets/Models/Car/Materials/マテリアル.259.mat using Guid(cd4c16bc7b049418682b9425020f7b63) Importer(815301076,1909f56bfc062723c751e8b465ee728b)  -> (artifact id: '5f31bd540e249cde9f9c996185d0278b') in 0.018748 seconds 
  Import took 0.025186 seconds .

========================================================================
Received Import Request.
  Time since last request: 0.000396 seconds.
  path: Assets/Models/Car/Materials/マテリアル.032.mat
  artifactKey: Guid(cf0719718e4a44fa5ab0a42848ce1db4) Importer(815301076,1909f56bfc062723c751e8b465ee728b)
Start importing Assets/Models/Car/Materials/マテリアル.032.mat using Guid(cf0719718e4a44fa5ab0a42848ce1db4) Importer(815301076,1909f56bfc062723c751e8b465ee728b)  -> (artifact id: 'a04ff2c9a49b19797513cdff96b2ca3b') in 0.018906 seconds 
  Import took 0.025398 seconds .

========================================================================
Received Import Request.
  Time since last request: 0.000390 seconds.
  path: Assets/Models/Car/Materials/マテリアル.049.mat
  artifactKey: Guid(c560db346e50e4f3d9a104566051038d) Importer(815301076,1909f56bfc062723c751e8b465ee728b)
Start importing Assets/Models/Car/Materials/マテリアル.049.mat using Guid(c560db346e50e4f3d9a104566051038d) Importer(815301076,1909f56bfc062723c751e8b465ee728b)  -> (artifact id: '3b97e313a6a388e399b22ef391cbdbdd') in 0.016440 seconds 
  Import took 0.023066 seconds .

========================================================================
Received Import Request.
  Time since last request: 0.000460 seconds.
  path: Assets/Models/Car/Materials/マテリアル.237.mat
  artifactKey: Guid(d81ead17413a149ab870f7a7680a3964) Importer(815301076,1909f56bfc062723c751e8b465ee728b)
Start importing Assets/Models/Car/Materials/マテリアル.237.mat using Guid(d81ead17413a149ab870f7a7680a3964) Importer(815301076,1909f56bfc062723c751e8b465ee728b)  -> (artifact id: 'd7db3775ca2d808d88bf889ef8495c17') in 0.015798 seconds 
  Import took 0.022184 seconds .

========================================================================
Received Import Request.
  Time since last request: 0.000471 seconds.
  path: Assets/Models/Car/Materials/マテリアル.041.mat
  artifactKey: Guid(413d9e52ac2134a1782d9d2d4394f571) Importer(815301076,1909f56bfc062723c751e8b465ee728b)
Start importing Assets/Models/Car/Materials/マテリアル.041.mat using Guid(413d9e52ac2134a1782d9d2d4394f571) Importer(815301076,1909f56bfc062723c751e8b465ee728b)  -> (artifact id: '05c3f4cd283d1d9efb09e0459db96f17') in 0.013550 seconds 
  Import took 0.020717 seconds .

========================================================================
Received Import Request.
  Time since last request: 0.000450 seconds.
  path: Assets/Models/Car/Materials/マテリアル.023.mat
  artifactKey: Guid(6e3731248fbf84f53ade651dfdaacb4c) Importer(815301076,1909f56bfc062723c751e8b465ee728b)
Start importing Assets/Models/Car/Materials/マテリアル.023.mat using Guid(6e3731248fbf84f53ade651dfdaacb4c) Importer(815301076,1909f56bfc062723c751e8b465ee728b)  -> (artifact id: 'c21146d5dc9df671cbcabb1b6b18f785') in 0.015380 seconds 
  Import took 0.022284 seconds .

========================================================================
Received Import Request.
  Time since last request: 0.000437 seconds.
  path: Assets/Models/Car/Materials/マテリアル.003.mat
  artifactKey: Guid(0e2029cbd59614d5f9662eeee8ebb2b9) Importer(815301076,1909f56bfc062723c751e8b465ee728b)
Start importing Assets/Models/Car/Materials/マテリアル.003.mat using Guid(0e2029cbd59614d5f9662eeee8ebb2b9) Importer(815301076,1909f56bfc062723c751e8b465ee728b)  -> (artifact id: '8440c4d3b27c1a7c46e74d7714e6f526') in 0.027695 seconds 
  Import took 0.035114 seconds .

========================================================================
Received Import Request.
  Time since last request: 0.000400 seconds.
  path: Assets/Models/Car/Materials/マテリアル.018.mat
  artifactKey: Guid(4064a701af04a4a8286ac2a15b98b91a) Importer(815301076,1909f56bfc062723c751e8b465ee728b)
Start importing Assets/Models/Car/Materials/マテリアル.018.mat using Guid(4064a701af04a4a8286ac2a15b98b91a) Importer(815301076,1909f56bfc062723c751e8b465ee728b)  -> (artifact id: '993cbabdad6a3ff5589d000cf470c06b') in 0.019721 seconds 
  Import took 0.027578 seconds .

========================================================================
Received Import Request.
  Time since last request: 0.000394 seconds.
  path: Assets/Models/Car/Materials/マテリアル.287.mat
  artifactKey: Guid(8b6851725e83b4c91b13b008e668c119) Importer(815301076,1909f56bfc062723c751e8b465ee728b)
Start importing Assets/Models/Car/Materials/マテリアル.287.mat using Guid(8b6851725e83b4c91b13b008e668c119) Importer(815301076,1909f56bfc062723c751e8b465ee728b)  -> (artifact id: '53eeef5c00d4b8df8642aacdcf372283') in 0.017485 seconds 
  Import took 0.024439 seconds .

========================================================================
Received Import Request.
  Time since last request: 0.000368 seconds.
  path: Assets/Models/Car/Materials/マテリアル.238.mat
  artifactKey: Guid(ea36be4f5bbcb4a378a7f6a4a9ac3da5) Importer(815301076,1909f56bfc062723c751e8b465ee728b)
Start importing Assets/Models/Car/Materials/マテリアル.238.mat using Guid(ea36be4f5bbcb4a378a7f6a4a9ac3da5) Importer(815301076,1909f56bfc062723c751e8b465ee728b)  -> (artifact id: '340a275de82e124dff081f76d3758598') in 0.015397 seconds 
  Import took 0.020918 seconds .

========================================================================
Received Import Request.
  Time since last request: 0.000373 seconds.
  path: Assets/Models/Car/Materials/マテリアル.002.mat
  artifactKey: Guid(29b4973d8973c46039f08403e0637e53) Importer(815301076,1909f56bfc062723c751e8b465ee728b)
Start importing Assets/Models/Car/Materials/マテリアル.002.mat using Guid(29b4973d8973c46039f08403e0637e53) Importer(815301076,1909f56bfc062723c751e8b465ee728b)  -> (artifact id: '1ee92b423e8ff0ffa3f7b51dc796aa70') in 0.012847 seconds 
  Import took 0.019026 seconds .

========================================================================
Received Import Request.
  Time since last request: 0.000517 seconds.
  path: Assets/Models/Car/Materials/マテリアル.039.mat
  artifactKey: Guid(0e3f7aa74c4054e31aa959bf0a76af46) Importer(815301076,1909f56bfc062723c751e8b465ee728b)
Start importing Assets/Models/Car/Materials/マテリアル.039.mat using Guid(0e3f7aa74c4054e31aa959bf0a76af46) Importer(815301076,1909f56bfc062723c751e8b465ee728b)  -> (artifact id: '9d75e671da63d32aaebf62db7c5e4401') in 0.015905 seconds 
  Import took 0.022947 seconds .

========================================================================
Received Import Request.
  Time since last request: 0.000353 seconds.
  path: Assets/Models/Car/Materials/マテリアル.031.mat
  artifactKey: Guid(fcaf09b82fba24323917ba998f414c41) Importer(815301076,1909f56bfc062723c751e8b465ee728b)
Start importing Assets/Models/Car/Materials/マテリアル.031.mat using Guid(fcaf09b82fba24323917ba998f414c41) Importer(815301076,1909f56bfc062723c751e8b465ee728b)  -> (artifact id: '32c58448a86628b8531aeef902e80c97') in 0.015291 seconds 
  Import took 0.020994 seconds .

========================================================================
Received Import Request.
  Time since last request: 0.000438 seconds.
  path: Assets/Models/Car/Materials/マテリアル.013.mat
  artifactKey: Guid(e993a8fe00cc348089edceb481181574) Importer(815301076,1909f56bfc062723c751e8b465ee728b)
Start importing Assets/Models/Car/Materials/マテリアル.013.mat using Guid(e993a8fe00cc348089edceb481181574) Importer(815301076,1909f56bfc062723c751e8b465ee728b)  -> (artifact id: '1328f28c118396e209f95ea83c49f518') in 0.016980 seconds 
  Import took 0.023699 seconds .

========================================================================
Received Import Request.
  Time since last request: 0.000402 seconds.
  path: Assets/Models/Car/Materials/マテリアル.243.mat
  artifactKey: Guid(6e36ccb686c3148e59cf8d0558c7e9e5) Importer(815301076,1909f56bfc062723c751e8b465ee728b)
Start importing Assets/Models/Car/Materials/マテリアル.243.mat using Guid(6e36ccb686c3148e59cf8d0558c7e9e5) Importer(815301076,1909f56bfc062723c751e8b465ee728b)  -> (artifact id: 'e63f0827566235c29ad46d4922e8b4e5') in 0.016204 seconds 
  Import took 0.023575 seconds .

========================================================================
Received Import Request.
  Time since last request: 0.000497 seconds.
  path: Assets/Models/Car/Materials/マテリアル.288.mat
  artifactKey: Guid(d825c99da6c1d4b9e8ed10889f816af4) Importer(815301076,1909f56bfc062723c751e8b465ee728b)
Start importing Assets/Models/Car/Materials/マテリアル.288.mat using Guid(d825c99da6c1d4b9e8ed10889f816af4) Importer(815301076,1909f56bfc062723c751e8b465ee728b)  -> (artifact id: '38ea6224d80187e32be5c31f5370575b') in 0.015463 seconds 
  Import took 0.022998 seconds .

========================================================================
Received Import Request.
  Time since last request: 0.000399 seconds.
  path: Assets/Models/Car/Materials/マテリアル.025.mat
  artifactKey: Guid(4f1da0acf2dff4f00922ccece4c229aa) Importer(815301076,1909f56bfc062723c751e8b465ee728b)
Start importing Assets/Models/Car/Materials/マテリアル.025.mat using Guid(4f1da0acf2dff4f00922ccece4c229aa) Importer(815301076,1909f56bfc062723c751e8b465ee728b)  -> (artifact id: 'e2c1490dfb829d99d13715323b5f314d') in 0.023004 seconds 
  Import took 0.029290 seconds .

========================================================================
Received Import Request.
  Time since last request: 0.000414 seconds.
  path: Assets/Models/Car/Materials/マテリアル.292.mat
  artifactKey: Guid(02d010651052940cdad0cdd679388231) Importer(815301076,1909f56bfc062723c751e8b465ee728b)
Start importing Assets/Models/Car/Materials/マテリアル.292.mat using Guid(02d010651052940cdad0cdd679388231) Importer(815301076,1909f56bfc062723c751e8b465ee728b)  -> (artifact id: 'cc38b1969356ab3c7167ba870968a4bf') in 0.016945 seconds 
  Import took 0.022764 seconds .

========================================================================
Received Import Request.
  Time since last request: 0.000362 seconds.
  path: Assets/Models/Car/Materials/マテリアル.040.mat
  artifactKey: Guid(75911e7693e4745f6b7cb3fb40bc6b4e) Importer(815301076,1909f56bfc062723c751e8b465ee728b)
Start importing Assets/Models/Car/Materials/マテリアル.040.mat using Guid(75911e7693e4745f6b7cb3fb40bc6b4e) Importer(815301076,1909f56bfc062723c751e8b465ee728b)  -> (artifact id: 'd96f6464aa4506ba11672ff50410fa1d') in 0.016990 seconds 
  Import took 0.024091 seconds .

========================================================================
Received Import Request.
  Time since last request: 0.000480 seconds.
  path: Assets/Models/Car/Materials/マテリアル.212.mat
  artifactKey: Guid(6fd871e903d494153b494df24111f55b) Importer(815301076,1909f56bfc062723c751e8b465ee728b)
Start importing Assets/Models/Car/Materials/マテリアル.212.mat using Guid(6fd871e903d494153b494df24111f55b) Importer(815301076,1909f56bfc062723c751e8b465ee728b)  -> (artifact id: 'a7d586072e6d408b828f30b4473a3d68') in 0.013749 seconds 
  Import took 0.020743 seconds .

========================================================================
Received Import Request.
  Time since last request: 0.000492 seconds.
  path: Assets/Models/Car/Materials/マテリアル.256.mat
  artifactKey: Guid(daaa111f056bd4ae497aec106e00a28a) Importer(815301076,1909f56bfc062723c751e8b465ee728b)
Start importing Assets/Models/Car/Materials/マテリアル.256.mat using Guid(daaa111f056bd4ae497aec106e00a28a) Importer(815301076,1909f56bfc062723c751e8b465ee728b)  -> (artifact id: 'ec86e13ef62ff7a00889bb5b49f77def') in 0.016434 seconds 
  Import took 0.023214 seconds .

========================================================================
Received Import Request.
  Time since last request: 0.000304 seconds.
  path: Assets/Models/Car/Materials/マテリアル.272.mat
  artifactKey: Guid(ce501850ee0be49188402274177307b6) Importer(815301076,1909f56bfc062723c751e8b465ee728b)
Start importing Assets/Models/Car/Materials/マテリアル.272.mat using Guid(ce501850ee0be49188402274177307b6) Importer(815301076,1909f56bfc062723c751e8b465ee728b)  -> (artifact id: 'd505e3888d378dddce96e11fa2e2e8da') in 0.016185 seconds 
  Import took 0.023646 seconds .

========================================================================
Received Import Request.
  Time since last request: 0.000417 seconds.
  path: Assets/Models/Car/Materials/マテリアル.255.mat
  artifactKey: Guid(e5b1b1bb45e6b43918c050c726f14f46) Importer(815301076,1909f56bfc062723c751e8b465ee728b)
Start importing Assets/Models/Car/Materials/マテリアル.255.mat using Guid(e5b1b1bb45e6b43918c050c726f14f46) Importer(815301076,1909f56bfc062723c751e8b465ee728b)  -> (artifact id: '2309ee6d58bb400ccc93e1e13e5b0a8e') in 0.015167 seconds 
  Import took 0.021464 seconds .

========================================================================
Received Import Request.
  Time since last request: 0.000446 seconds.
  path: Assets/Models/Car/Materials/マテリアル.200.mat
  artifactKey: Guid(9a20fb89bf663436c927b93441506c49) Importer(815301076,1909f56bfc062723c751e8b465ee728b)
Start importing Assets/Models/Car/Materials/マテリアル.200.mat using Guid(9a20fb89bf663436c927b93441506c49) Importer(815301076,1909f56bfc062723c751e8b465ee728b)  -> (artifact id: '3777a4fc5f2fa2ee258e6809636010f5') in 0.015717 seconds 
  Import took 0.021476 seconds .

========================================================================
Received Import Request.
  Time since last request: 0.000542 seconds.
  path: Assets/Models/Car/Materials/マテリアル.289.mat
  artifactKey: Guid(58067e1b3a5e24675bd849e1789a4612) Importer(815301076,1909f56bfc062723c751e8b465ee728b)
Start importing Assets/Models/Car/Materials/マテリアル.289.mat using Guid(58067e1b3a5e24675bd849e1789a4612) Importer(815301076,1909f56bfc062723c751e8b465ee728b)  -> (artifact id: 'a59fea6ec0623852dfa7a028d0011fde') in 0.018200 seconds 
  Import took 0.024835 seconds .

========================================================================
Received Import Request.
  Time since last request: 0.000435 seconds.
  path: Assets/Models/Car/Materials/マテリアル.194.mat
  artifactKey: Guid(f42c024549adb409392175f506e9ea2c) Importer(815301076,1909f56bfc062723c751e8b465ee728b)
Start importing Assets/Models/Car/Materials/マテリアル.194.mat using Guid(f42c024549adb409392175f506e9ea2c) Importer(815301076,1909f56bfc062723c751e8b465ee728b)  -> (artifact id: 'f9d68779bb8133d0ebea0b46140fa7fe') in 0.011921 seconds 
  Import took 0.018663 seconds .

========================================================================
Received Import Request.
  Time since last request: 0.000472 seconds.
  path: Assets/Models/Car/Materials/マテリアル.022.mat
  artifactKey: Guid(9a87a09d9ad634f2c97358b64f252ee1) Importer(815301076,1909f56bfc062723c751e8b465ee728b)
Start importing Assets/Models/Car/Materials/マテリアル.022.mat using Guid(9a87a09d9ad634f2c97358b64f252ee1) Importer(815301076,1909f56bfc062723c751e8b465ee728b)  -> (artifact id: 'dc7cd8a58fe6ad73bb92c7464e6914a8') in 0.020015 seconds 
  Import took 0.026404 seconds .

========================================================================
Received Import Request.
  Time since last request: 0.000433 seconds.
  path: Assets/Models/Car/Materials/マテリアル.021.mat
  artifactKey: Guid(d0b4caf3267ec4a9c8126ec3fc02c910) Importer(815301076,1909f56bfc062723c751e8b465ee728b)
Start importing Assets/Models/Car/Materials/マテリアル.021.mat using Guid(d0b4caf3267ec4a9c8126ec3fc02c910) Importer(815301076,1909f56bfc062723c751e8b465ee728b)  -> (artifact id: '9789783b3f3c7fdeaed7024a1310dac3') in 0.018184 seconds 
  Import took 0.026466 seconds .

========================================================================
Received Import Request.
  Time since last request: 0.000450 seconds.
  path: Assets/Models/Car/Materials/マテリアル.190.mat
  artifactKey: Guid(27af76fdf82fe403aa8764048ba1aa07) Importer(815301076,1909f56bfc062723c751e8b465ee728b)
Start importing Assets/Models/Car/Materials/マテリアル.190.mat using Guid(27af76fdf82fe403aa8764048ba1aa07) Importer(815301076,1909f56bfc062723c751e8b465ee728b)  -> (artifact id: '7b20811add0f7dee615eaa917404fb79') in 0.016458 seconds 
  Import took 0.022732 seconds .

========================================================================
Received Import Request.
  Time since last request: 0.000452 seconds.
  path: Assets/Models/Car/Materials/マテリアル.258.mat
  artifactKey: Guid(2d20a26cc2b584f69bac772f162a4653) Importer(815301076,1909f56bfc062723c751e8b465ee728b)
Start importing Assets/Models/Car/Materials/マテリアル.258.mat using Guid(2d20a26cc2b584f69bac772f162a4653) Importer(815301076,1909f56bfc062723c751e8b465ee728b)  -> (artifact id: '7a09b61f91b718ac3ec9dc19085144c8') in 0.012733 seconds 
  Import took 0.019143 seconds .

========================================================================
Received Import Request.
  Time since last request: 0.000386 seconds.
  path: Assets/Models/Car/Materials/マテリアル.300.mat
  artifactKey: Guid(4e3f8f235716c4895995dc1e84d0208d) Importer(815301076,1909f56bfc062723c751e8b465ee728b)
Start importing Assets/Models/Car/Materials/マテリアル.300.mat using Guid(4e3f8f235716c4895995dc1e84d0208d) Importer(815301076,1909f56bfc062723c751e8b465ee728b)  -> (artifact id: '7a9aa14bb3277c8d56b4d5ff3654f8f0') in 0.018562 seconds 
  Import took 0.025546 seconds .

========================================================================
Received Import Request.
  Time since last request: 0.000546 seconds.
  path: Assets/Models/Car/Materials/マテリアル.247.mat
  artifactKey: Guid(0e100c0c3197c400987e8a13918721a7) Importer(815301076,1909f56bfc062723c751e8b465ee728b)
Start importing Assets/Models/Car/Materials/マテリアル.247.mat using Guid(0e100c0c3197c400987e8a13918721a7) Importer(815301076,1909f56bfc062723c751e8b465ee728b)  -> (artifact id: '4790e1f9aac3a22099fcbdb5d12883aa') in 0.015913 seconds 
  Import took 0.022102 seconds .

========================================================================
Received Import Request.
  Time since last request: 0.000411 seconds.
  path: Assets/Models/Car/Materials/マテリアル.293.mat
  artifactKey: Guid(e6073907798fe4c358feef46ac114c8e) Importer(815301076,1909f56bfc062723c751e8b465ee728b)
Start importing Assets/Models/Car/Materials/マテリアル.293.mat using Guid(e6073907798fe4c358feef46ac114c8e) Importer(815301076,1909f56bfc062723c751e8b465ee728b)  -> (artifact id: '92576f7c7be7a876253b74239703e3a7') in 0.016033 seconds 
  Import took 0.022972 seconds .

